{
  "stats": {
    "suites": 2,
    "tests": 6,
    "passes": 6,
    "pending": 0,
    "failures": 0,
    "start": "2024-09-04T11:09:12.090Z",
    "end": "2024-09-04T11:09:12.224Z",
    "duration": 134,
    "testsRegistered": 6,
    "passPercent": 100,
    "pendingPercent": 0,
    "other": 0,
    "hasOther": false,
    "skipped": 0,
    "hasSkipped": false
  },
  "results": [
    {
      "uuid": "132aa283-d959-4cc3-b7f2-d4c0e8cfa0bc",
      "title": "",
      "fullFile": "",
      "file": "",
      "beforeHooks": [],
      "afterHooks": [],
      "tests": [],
      "suites": [
        {
          "uuid": "b812dc15-584b-455c-a3e7-0affdcdd9c03",
          "title": "ADD A NEW CUSTOMER at 'POST /api/customers'",
          "fullFile": "C:\\Users\\Parrot\\viope-webpalvelut\\L03b_customers_postgre\\test\\customer.spec.js",
          "file": "\\test\\customer.spec.js",
          "beforeHooks": [
            {
              "title": "\"before each\" hook in \"ADD A NEW CUSTOMER at 'POST /api/customers'\"",
              "fullTitle": "ADD A NEW CUSTOMER at 'POST /api/customers' \"before each\" hook in \"ADD A NEW CUSTOMER at 'POST /api/customers'\"",
              "timedOut": false,
              "duration": 0,
              "state": null,
              "speed": null,
              "pass": false,
              "fail": false,
              "pending": false,
              "context": null,
              "code": "query.deleteAllCustomers();\ndone();",
              "err": {},
              "uuid": "5e2ec7b5-9b49-44ea-b3dd-10fc0f40d801",
              "parentUUID": "b812dc15-584b-455c-a3e7-0affdcdd9c03",
              "isHook": true,
              "skipped": false
            }
          ],
          "afterHooks": [],
          "tests": [
            {
              "title": "requires a log in",
              "fullTitle": "ADD A NEW CUSTOMER at 'POST /api/customers' requires a log in",
              "timedOut": false,
              "duration": 27,
              "state": "passed",
              "speed": "fast",
              "pass": true,
              "fail": false,
              "pending": false,
              "context": null,
              "code": "chai.request(app)\n  .post('/api/customers')\n  .set('Content-Type', 'application/json')\n  .send(JSON.stringify(testCustomer))\n  .end((err, res) => {\n    res.should.have.status(400);\n    done();\n  });",
              "err": {},
              "uuid": "09d4cc1a-e645-43d5-b20c-2041dbc6215d",
              "parentUUID": "b812dc15-584b-455c-a3e7-0affdcdd9c03",
              "isHook": false,
              "skipped": false
            },
            {
              "title": "expects to log in successfully",
              "fullTitle": "ADD A NEW CUSTOMER at 'POST /api/customers' expects to log in successfully",
              "timedOut": false,
              "duration": 51,
              "state": "passed",
              "speed": "medium",
              "pass": true,
              "fail": false,
              "pending": false,
              "context": null,
              "code": "chai.request(app)\n    .post('/login')\n    .send({ email: testEmail, password: testPassword })\n    .end((err, res) => {\n        expect(res).to.have.status(200);\n        testToken = res.body.token;\n        console.log(`\\n \\n THE TEST TOKEN LOOKS NEXT \\n \\n ${testToken} \\n \\n \\n`)\n        done();\n    });",
              "err": {},
              "uuid": "d59e9867-d1f3-4596-af91-465804f3f5a0",
              "parentUUID": "b812dc15-584b-455c-a3e7-0affdcdd9c03",
              "isHook": false,
              "skipped": false
            },
            {
              "title": "add a new customer at POST endpoint '/api/customers'",
              "fullTitle": "ADD A NEW CUSTOMER at 'POST /api/customers' add a new customer at POST endpoint '/api/customers'",
              "timedOut": false,
              "duration": 11,
              "state": "passed",
              "speed": "fast",
              "pass": true,
              "fail": false,
              "pending": false,
              "context": null,
              "code": "chai.request(app)\n    .post(\"/api/customers\")\n    .set('Content-Type', 'application/json')\n    .set('Authorization', `Bearer ${testToken}`)\n    .send(JSON.stringify(testCustomer))\n    .end((err, res) => {\n        res.should.have.status(201);\n        res.body.should.be.a('object');\n        res.body.should.have.all.keys(['firstname', 'lastname', 'phone', 'email']);\n        done();\n    });",
              "err": {},
              "uuid": "c4cbccf6-58a3-4926-b2c8-db6cf52f3afb",
              "parentUUID": "b812dc15-584b-455c-a3e7-0affdcdd9c03",
              "isHook": false,
              "skipped": false
            }
          ],
          "suites": [],
          "passes": [
            "09d4cc1a-e645-43d5-b20c-2041dbc6215d",
            "d59e9867-d1f3-4596-af91-465804f3f5a0",
            "c4cbccf6-58a3-4926-b2c8-db6cf52f3afb"
          ],
          "failures": [],
          "pending": [],
          "skipped": [],
          "duration": 89,
          "root": false,
          "rootEmpty": false,
          "_timeout": 2000
        },
        {
          "uuid": "bf87707b-ddd7-453f-932e-a8662e53723e",
          "title": "FETCH ALL CUSTOMERS at 'GET /api/customers'",
          "fullFile": "C:\\Users\\Parrot\\viope-webpalvelut\\L03b_customers_postgre\\test\\customer.spec.js",
          "file": "\\test\\customer.spec.js",
          "beforeHooks": [],
          "afterHooks": [],
          "tests": [
            {
              "title": "requires a log in",
              "fullTitle": "FETCH ALL CUSTOMERS at 'GET /api/customers' requires a log in",
              "timedOut": false,
              "duration": 7,
              "state": "passed",
              "speed": "fast",
              "pass": true,
              "fail": false,
              "pending": false,
              "context": null,
              "code": "chai.request(app)\n  .get('/api/customers')\n  .set('Content-Type', 'application/json')\n  .send(JSON.stringify(testCustomer))\n  .end((err, res) => {\n    res.should.have.status(400);\n    done();\n  });",
              "err": {},
              "uuid": "015b19f9-6b5a-43e3-a4da-f4e4b72af599",
              "parentUUID": "bf87707b-ddd7-453f-932e-a8662e53723e",
              "isHook": false,
              "skipped": false
            },
            {
              "title": "expects to log in successfully",
              "fullTitle": "FETCH ALL CUSTOMERS at 'GET /api/customers' expects to log in successfully",
              "timedOut": false,
              "duration": 20,
              "state": "passed",
              "speed": "fast",
              "pass": true,
              "fail": false,
              "pending": false,
              "context": null,
              "code": "chai.request(app)\n    .post('/login')\n    .send({ email: testEmail, password: testPassword })\n    .end((err, res) => {\n        expect(res).to.have.status(200);\n        testToken = res.body.token;\n        console.log(`\\n \\n THE TEST TOKEN LOOKS NEXT \\n \\n ${testToken} \\n \\n \\n`)\n        done();\n    });",
              "err": {},
              "uuid": "1e8cf366-29b9-4f99-adb5-b5a01083a619",
              "parentUUID": "bf87707b-ddd7-453f-932e-a8662e53723e",
              "isHook": false,
              "skipped": false
            },
            {
              "title": "fetch all customers",
              "fullTitle": "FETCH ALL CUSTOMERS at 'GET /api/customers' fetch all customers",
              "timedOut": false,
              "duration": 6,
              "state": "passed",
              "speed": "fast",
              "pass": true,
              "fail": false,
              "pending": false,
              "context": null,
              "code": "chai.request(app)\n    .get(\"/api/customers\")\n    .set('Authorization', `Bearer ${testToken}`)\n    .end((err, res) => {\n        res.should.have.status(200);\n        res.body.should.be.a('array')\n        let firstcustomer = res.body[0];\n        expect(firstcustomer).to.have.all.keys(['id', 'firstname', 'lastname', 'email', 'phone']);\n        done();\n    });",
              "err": {},
              "uuid": "dcbef66b-24a3-4281-aa82-cb9ec7eb0750",
              "parentUUID": "bf87707b-ddd7-453f-932e-a8662e53723e",
              "isHook": false,
              "skipped": false
            }
          ],
          "suites": [],
          "passes": [
            "015b19f9-6b5a-43e3-a4da-f4e4b72af599",
            "1e8cf366-29b9-4f99-adb5-b5a01083a619",
            "dcbef66b-24a3-4281-aa82-cb9ec7eb0750"
          ],
          "failures": [],
          "pending": [],
          "skipped": [],
          "duration": 33,
          "root": false,
          "rootEmpty": false,
          "_timeout": 2000
        }
      ],
      "passes": [],
      "failures": [],
      "pending": [],
      "skipped": [],
      "duration": 0,
      "root": true,
      "rootEmpty": true,
      "_timeout": 2000
    }
  ],
  "meta": {
    "mocha": {
      "version": "10.7.3"
    },
    "mochawesome": {
      "options": {
        "quiet": false,
        "reportFilename": "mochawesome",
        "saveHtml": true,
        "saveJson": true,
        "consoleReporter": "spec",
        "useInlineDiffs": false,
        "code": true
      },
      "version": "7.1.3"
    },
    "marge": {
      "options": null,
      "version": "6.2.0"
    }
  }
}