{
  "stats": {
    "suites": 2,
    "tests": 6,
    "passes": 6,
    "pending": 0,
    "failures": 0,
    "start": "2024-09-04T10:33:46.082Z",
    "end": "2024-09-04T10:33:46.195Z",
    "duration": 113,
    "testsRegistered": 6,
    "passPercent": 100,
    "pendingPercent": 0,
    "other": 0,
    "hasOther": false,
    "skipped": 0,
    "hasSkipped": false
  },
  "results": [
    {
      "uuid": "426973f1-e4ad-4558-a8ef-658f2392b58c",
      "title": "",
      "fullFile": "",
      "file": "",
      "beforeHooks": [],
      "afterHooks": [],
      "tests": [],
      "suites": [
        {
          "uuid": "4dbd8f3f-daa9-40ab-af71-1bded2696c00",
          "title": "ADD A NEW CUSTOMER at 'POST /api/customers'",
          "fullFile": "C:\\Users\\Parrot\\viope-webpalvelut\\L03b_customers_postgre\\test\\customer.spec.js",
          "file": "\\test\\customer.spec.js",
          "beforeHooks": [
            {
              "title": "\"before each\" hook in \"ADD A NEW CUSTOMER at 'POST /api/customers'\"",
              "fullTitle": "ADD A NEW CUSTOMER at 'POST /api/customers' \"before each\" hook in \"ADD A NEW CUSTOMER at 'POST /api/customers'\"",
              "timedOut": false,
              "duration": 1,
              "state": null,
              "speed": null,
              "pass": false,
              "fail": false,
              "pending": false,
              "context": null,
              "code": "query.deleteAllCustomers();\ndone();",
              "err": {},
              "uuid": "4423cc1e-1a4d-43e5-be74-290fb8197fa0",
              "parentUUID": "4dbd8f3f-daa9-40ab-af71-1bded2696c00",
              "isHook": true,
              "skipped": false
            }
          ],
          "afterHooks": [],
          "tests": [
            {
              "title": "requires a log in",
              "fullTitle": "ADD A NEW CUSTOMER at 'POST /api/customers' requires a log in",
              "timedOut": false,
              "duration": 20,
              "state": "passed",
              "speed": "fast",
              "pass": true,
              "fail": false,
              "pending": false,
              "context": null,
              "code": "chai.request(app)\n  .post('/api/customers')\n  .set('Content-Type', 'application/json')\n  .send(JSON.stringify(testCustomer))\n  .end((err, res) => {\n    res.should.have.status(400);\n    done();\n  });",
              "err": {},
              "uuid": "03f7c20c-16d7-4bd6-be46-153cf8731af1",
              "parentUUID": "4dbd8f3f-daa9-40ab-af71-1bded2696c00",
              "isHook": false,
              "skipped": false
            },
            {
              "title": "expects to log in successfully",
              "fullTitle": "ADD A NEW CUSTOMER at 'POST /api/customers' expects to log in successfully",
              "timedOut": false,
              "duration": 55,
              "state": "passed",
              "speed": "medium",
              "pass": true,
              "fail": false,
              "pending": false,
              "context": null,
              "code": "chai.request(app)\n    .post('/login')\n    .send({ email: testEmail, password: testPassword })\n    .end((err, res) => {\n        expect(res).to.have.status(200);\n        testToken = res.body.token;\n        console.log(`\\n \\n THE TEST TOKEN LOOKS NEXT \\n \\n ${testToken} \\n \\n \\n`)\n        done();\n    });",
              "err": {},
              "uuid": "56a91237-a220-467b-8561-45c7941e8092",
              "parentUUID": "4dbd8f3f-daa9-40ab-af71-1bded2696c00",
              "isHook": false,
              "skipped": false
            },
            {
              "title": "add a new customer at POST endpoint '/api/customers'",
              "fullTitle": "ADD A NEW CUSTOMER at 'POST /api/customers' add a new customer at POST endpoint '/api/customers'",
              "timedOut": false,
              "duration": 5,
              "state": "passed",
              "speed": "fast",
              "pass": true,
              "fail": false,
              "pending": false,
              "context": null,
              "code": "chai.request(app)\n    .post(\"/api/customers\")\n    .set('Content-Type', 'application/json')\n    .set('Authorization', `Bearer ${testToken}`)\n    .send(JSON.stringify(testCustomer))\n    .end((err, res) => {\n        res.should.have.status(201);\n        res.body.should.be.a('object');\n        res.body.should.have.all.keys(['firstname', 'lastname', 'phone', 'email']);\n        done();\n    });",
              "err": {},
              "uuid": "29f6371c-78fd-4811-a621-d43ef9333557",
              "parentUUID": "4dbd8f3f-daa9-40ab-af71-1bded2696c00",
              "isHook": false,
              "skipped": false
            }
          ],
          "suites": [],
          "passes": [
            "03f7c20c-16d7-4bd6-be46-153cf8731af1",
            "56a91237-a220-467b-8561-45c7941e8092",
            "29f6371c-78fd-4811-a621-d43ef9333557"
          ],
          "failures": [],
          "pending": [],
          "skipped": [],
          "duration": 80,
          "root": false,
          "rootEmpty": false,
          "_timeout": 2000
        },
        {
          "uuid": "772bb4b2-9eda-4ef9-b65a-ead2d1719dad",
          "title": "FETCH ALL CUSTOMERS at 'GET /api/customers'",
          "fullFile": "C:\\Users\\Parrot\\viope-webpalvelut\\L03b_customers_postgre\\test\\customer.spec.js",
          "file": "\\test\\customer.spec.js",
          "beforeHooks": [],
          "afterHooks": [],
          "tests": [
            {
              "title": "requires a log in",
              "fullTitle": "FETCH ALL CUSTOMERS at 'GET /api/customers' requires a log in",
              "timedOut": false,
              "duration": 3,
              "state": "passed",
              "speed": "fast",
              "pass": true,
              "fail": false,
              "pending": false,
              "context": null,
              "code": "chai.request(app)\n  .get('/api/customers')\n  .set('Content-Type', 'application/json')\n  .send(JSON.stringify(testCustomer))\n  .end((err, res) => {\n    res.should.have.status(400);\n    done();\n  });",
              "err": {},
              "uuid": "bf90848b-cf4e-4026-adff-cf8e6b72cbcb",
              "parentUUID": "772bb4b2-9eda-4ef9-b65a-ead2d1719dad",
              "isHook": false,
              "skipped": false
            },
            {
              "title": "expects to log in successfully",
              "fullTitle": "FETCH ALL CUSTOMERS at 'GET /api/customers' expects to log in successfully",
              "timedOut": false,
              "duration": 17,
              "state": "passed",
              "speed": "fast",
              "pass": true,
              "fail": false,
              "pending": false,
              "context": null,
              "code": "chai.request(app)\n    .post('/login')\n    .send({ email: testEmail, password: testPassword })\n    .end((err, res) => {\n        expect(res).to.have.status(200);\n        testToken = res.body.token;\n        console.log(`\\n \\n THE TEST TOKEN LOOKS NEXT \\n \\n ${testToken} \\n \\n \\n`)\n        done();\n    });",
              "err": {},
              "uuid": "3950ded2-5e91-4cd9-8d78-5df541f5f9f6",
              "parentUUID": "772bb4b2-9eda-4ef9-b65a-ead2d1719dad",
              "isHook": false,
              "skipped": false
            },
            {
              "title": "fetch all customers",
              "fullTitle": "FETCH ALL CUSTOMERS at 'GET /api/customers' fetch all customers",
              "timedOut": false,
              "duration": 4,
              "state": "passed",
              "speed": "fast",
              "pass": true,
              "fail": false,
              "pending": false,
              "context": null,
              "code": "chai.request(app)\n    .get(\"/api/customers\")\n    .set('Authorization', `Bearer ${testToken}`)\n    .end((err, res) => {\n        res.should.have.status(200);\n        res.body.should.be.a('array')\n        let firstcustomer = res.body[0];\n        expect(firstcustomer).to.have.all.keys(['id', 'firstname', 'lastname', 'email', 'phone']);\n        done();\n    });",
              "err": {},
              "uuid": "ccf24e70-e9d0-45f5-8eaf-9f5644b11ec7",
              "parentUUID": "772bb4b2-9eda-4ef9-b65a-ead2d1719dad",
              "isHook": false,
              "skipped": false
            }
          ],
          "suites": [],
          "passes": [
            "bf90848b-cf4e-4026-adff-cf8e6b72cbcb",
            "3950ded2-5e91-4cd9-8d78-5df541f5f9f6",
            "ccf24e70-e9d0-45f5-8eaf-9f5644b11ec7"
          ],
          "failures": [],
          "pending": [],
          "skipped": [],
          "duration": 24,
          "root": false,
          "rootEmpty": false,
          "_timeout": 2000
        }
      ],
      "passes": [],
      "failures": [],
      "pending": [],
      "skipped": [],
      "duration": 0,
      "root": true,
      "rootEmpty": true,
      "_timeout": 2000
    }
  ],
  "meta": {
    "mocha": {
      "version": "10.7.3"
    },
    "mochawesome": {
      "options": {
        "quiet": false,
        "reportFilename": "mochawesome",
        "saveHtml": true,
        "saveJson": true,
        "consoleReporter": "spec",
        "useInlineDiffs": false,
        "code": true
      },
      "version": "7.1.3"
    },
    "marge": {
      "options": null,
      "version": "6.2.0"
    }
  }
}